[
 {
  "Error": {
   "Message": "ERRORED! Got Exception (if any): ERROR: Bot #0: Timeout reading commands for bot; select() result: 0 (max time: 2000 milliseconds).\nNo input received from bot.; Response received (if any): ",
   "Turn": 2
  },
  "Frames": [
   {
    "Time": 416,
    "Turn": 0
   },
   {
    "Commands": [
     {
      "angle": 151,
      "magnitude": 7,
      "owner": 0,
      "queue_number": 0,
      "shipId": 2,
      "type": "thrust"
     },
     {
      "angle": 275,
      "magnitude": 7,
      "owner": 0,
      "queue_number": 0,
      "shipId": 1,
      "type": "thrust"
     }
    ],
    "Planets": null,
    "Ships": [
     {
      "cooldown": 0,
      "docking": {
       "status": "undocked"
      },
      "health": 255,
      "id": 2,
      "owner": 0,
      "vel_x": 0.0,
      "vel_y": 0.0,
      "x": 185.87766205002424,
      "y": 70.393667341724367
     },
     {
      "cooldown": 0,
      "docking": {
       "status": "undocked"
      },
      "health": 255,
      "id": 1,
      "owner": 0,
      "vel_x": 0.0,
      "vel_y": 0.0,
      "x": 192.61009019923361,
      "y": 54.026637113357779
     },
     {
      "cooldown": 0,
      "docking": {
       "status": "undocked"
      },
      "health": 255,
      "id": 0,
      "owner": 0,
      "vel_x": 0.0,
      "vel_y": 0.0,
      "x": 192.0,
      "y": 64.0
     }
    ],
    "Time": 427,
    "Turn": 1
   },
   null
  ],
  "PlayerID": 0,
  "PlayerName": "Tamagocchi"
 }
]
