[
 {
  "Error": {
   "Message": "ERRORED! Got Exception (if any): ERROR: Bot #0: Timeout reading commands for bot; select() result: 0 (max time: 2000 milliseconds).\nNo input received from bot.; Response received (if any): ",
   "Turn": 4
  },
  "Frames": [
   {
    "Time": 518,
    "Turn": 0
   },
   {
    "Commands": [
     {
      "angle": 122,
      "magnitude": 7,
      "owner": 0,
      "queue_number": 0,
      "shipId": 2,
      "type": "thrust"
     },
     {
      "angle": 212,
      "magnitude": 7,
      "owner": 0,
      "queue_number": 0,
      "shipId": 1,
      "type": "thrust"
     }
    ],
    "Planets": null,
    "Ships": [
     {
      "cooldown": 0,
      "docking": {
       "status": "undocked"
      },
      "health": 255,
      "id": 2,
      "owner": 0,
      "vel_x": 0.0,
      "vel_y": 0.0,
      "x": 92.29056515036757,
      "y": 136.93633667309498
     },
     {
      "cooldown": 0,
      "docking": {
       "status": "undocked"
      },
      "health": 255,
      "id": 1,
      "owner": 0,
      "vel_x": 0.0,
      "vel_y": 0.0,
      "x": 90.063663326905015,
      "y": 121.29056515036757
     },
     {
      "cooldown": 0,
      "docking": {
       "status": "undocked"
      },
      "health": 255,
      "id": 0,
      "owner": 0,
      "vel_x": 0.0,
      "vel_y": 0.0,
      "x": 96.0,
      "y": 128.0
     }
    ],
    "Time": 237,
    "Turn": 1
   },
   {
    "Commands": [
     {
      "angle": 122,
      "magnitude": 7,
      "owner": 0,
      "queue_number": 0,
      "shipId": 2,
      "type": "thrust"
     },
     {
      "angle": 211,
      "magnitude": 7,
      "owner": 0,
      "queue_number": 0,
      "shipId": 1,
      "type": "thrust"
     },
     {
      "angle": 8,
      "magnitude": 7,
      "owner": 0,
      "queue_number": 0,
      "shipId": 0,
      "type": "thrust"
     }
    ],
    "Planets": null,
    "Ships": [
     {
      "cooldown": 0,
      "docking": {
       "status": "undocked"
      },
      "health": 255,
      "id": 2,
      "owner": 0,
      "vel_x": 0.0,
      "vel_y": 0.0,
      "x": 88.58113030073514,
      "y": 142.87267334618997
     },
     {
      "cooldown": 0,
      "docking": {
       "status": "undocked"
      },
      "health": 255,
      "id": 1,
      "owner": 0,
      "vel_x": 0.0,
      "vel_y": 0.0,
      "x": 84.063492221990231,
      "y": 117.68529862599719
     },
     {
      "cooldown": 0,
      "docking": {
       "status": "undocked"
      },
      "health": 255,
      "id": 0,
      "owner": 0,
      "vel_x": 0.0,
      "vel_y": 0.0,
      "x": 102.931876481191,
      "y": 128.97421170672047
     }
    ],
    "Time": 19,
    "Turn": 2
   },
   {
    "Commands": [
     {
      "angle": 121,
      "magnitude": 7,
      "owner": 0,
      "queue_number": 0,
      "shipId": 2,
      "type": "thrust"
     },
     {
      "angle": 212,
      "magnitude": 7,
      "owner": 0,
      "queue_number": 0,
      "shipId": 1,
      "type": "thrust"
     },
     {
      "angle": 8,
      "magnitude": 7,
      "owner": 0,
      "queue_number": 0,
      "shipId": 0,
      "type": "thrust"
     }
    ],
    "Planets": null,
    "Ships": [
     {
      "cooldown": 0,
      "docking": {
       "status": "undocked"
      },
      "health": 255,
      "id": 2,
      "owner": 0,
      "vel_x": 0.0,
      "vel_y": 0.0,
      "x": 84.975863776364747,
      "y": 148.87284445110475
     },
     {
      "cooldown": 0,
      "docking": {
       "status": "undocked"
      },
      "health": 255,
      "id": 1,
      "owner": 0,
      "vel_x": 0.0,
      "vel_y": 0.0,
      "x": 78.127155548895246,
      "y": 113.97586377636475
     },
     {
      "cooldown": 0,
      "docking": {
       "status": "undocked"
      },
      "health": 255,
      "id": 0,
      "owner": 0,
      "vel_x": 0.0,
      "vel_y": 0.0,
      "x": 109.86375296238198,
      "y": 129.94842341344091
     }
    ],
    "Time": 9,
    "Turn": 3
   },
   null
  ],
  "PlayerID": 0,
  "PlayerName": "Tamagocchi"
 }
]
